<?xml version="1.0" encoding="UTF-8"?>
<!-- Generated by org.testng.reporters.JUnitReportReporter -->
<testsuite hostname="NIKHIL-PANDE" failures="0" tests="2" name="yt_TestNG.I_TestContext" time="0.004" errors="0" timestamp="2022-12-12T23:56:28 IST" skipped="0">
  <testcase classname="yt_TestNG.I_TestContext" name="setUp" time="0.002"/>
  <system-out/>
  <testcase classname="yt_TestNG.I_TestContext" name="Logic" time="0.002"/>
  <system-out/>
</testsuite> <!-- yt_TestNG.I_TestContext -->
