<?xml version="1.0" encoding="UTF-8"?>
<!-- Generated by org.testng.reporters.JUnitReportReporter -->
<testsuite hostname="NIKHIL-PANDE" failures="0" tests="1" name="_22_Test_NG.Basic_1" time="0.017" errors="0" timestamp="2022-11-29T01:18:25 IST" skipped="0">
  <testcase classname="_22_Test_NG.Basic_1" name="createcustomer" time="0.017"/>
  <system-out>
    <![CDATA[Goa]]>
  </system-out>
</testsuite> <!-- _22_Test_NG.Basic_1 -->
