<?xml version="1.0" encoding="UTF-8"?>
<!-- Generated by org.testng.reporters.JUnitReportReporter -->
<testsuite hostname="NIKHIL-PANDE" failures="0" tests="1" name="repractice.Tp" time="0.017" errors="0" timestamp="2022-12-11T20:43:05 IST" skipped="0">
  <testcase classname="repractice.Tp" name="array" time="0.017"/>
  <system-out/>
</testsuite> <!-- repractice.Tp -->
