<?xml version="1.0" encoding="UTF-8"?>
<!-- Generated by org.testng.reporters.JUnitReportReporter -->
<testsuite hostname="NIKHIL-PANDE" failures="0" tests="1" name="testNG.Customer" time="0.022" errors="0" timestamp="2022-11-05T09:47:08 IST" skipped="0">
  <testcase classname="testNG.Customer" name="Customer" time="0.022"/>
  <system-out>
    <![CDATA[goa]]>
  </system-out>
</testsuite> <!-- testNG.Customer -->
