<?xml version="1.0" encoding="UTF-8"?>
<!-- Generated by org.testng.reporters.JUnitReportReporter -->
<testsuite hostname="NIKHIL-PANDE" failures="0" tests="4" name="yt_TestNG.DataProvider" time="0.043" errors="0" timestamp="2022-12-11T22:58:43 IST" skipped="0">
  <testcase classname="yt_TestNG.DataProvider" name="dataMatrix" time="0.005"/>
  <system-out/>
  <testcase classname="yt_TestNG.DataProvider" name="dataMatrix" time="0.029"/>
  <system-out/>
  <testcase classname="yt_TestNG.DataProvider" name="dataMatrix" time="0.003"/>
  <system-out/>
  <testcase classname="yt_TestNG.DataProvider" name="T2" time="0.006"/>
  <system-out>
    <![CDATA[Test2]]>
  </system-out>
</testsuite> <!-- yt_TestNG.DataProvider -->
