<?xml version="1.0" encoding="UTF-8"?>
<!-- Generated by org.testng.reporters.JUnitReportReporter -->
<testsuite hostname="NIKHIL-PANDE" failures="0" tests="4" name="_22_Test_NG._2Basic" time="0.021" errors="0" timestamp="2022-11-29T15:56:50 IST" skipped="0">
  <testcase classname="_22_Test_NG._2Basic" name="deletecustomer" time="0.003"/>
  <system-out>
    <![CDATA[Customer deleted successfully]]>
  </system-out>
  <testcase classname="_22_Test_NG._2Basic" name="editcustomer" time="0.002"/>
  <system-out>
    <![CDATA[Customer edited successfully]]>
  </system-out>
  <testcase classname="_22_Test_NG._2Basic" name="modifytecustomer" time="0.003"/>
  <system-out>
    <![CDATA[Customer modified successfully]]>
  </system-out>
  <testcase classname="_22_Test_NG._2Basic" name="createcustomer" time="0.013"/>
  <system-out>
    <![CDATA[Customer created successfully]]>
  </system-out>
</testsuite> <!-- _22_Test_NG._2Basic -->
