<?xml version="1.0" encoding="UTF-8"?>
<!-- Generated by org.testng.reporters.JUnitReportReporter -->
<testsuite hostname="NIKHIL-PANDE" failures="0" tests="4" name="yt_TestNG._1DataProvider" time="0.045" errors="0" timestamp="2022-12-12T23:56:28 IST" skipped="0">
  <testcase classname="yt_TestNG._1DataProvider" name="dataMatrix" time="0.008"/>
  <system-out/>
  <testcase classname="yt_TestNG._1DataProvider" name="dataMatrix" time="0.026"/>
  <system-out/>
  <testcase classname="yt_TestNG._1DataProvider" name="dataMatrix" time="0.006"/>
  <system-out/>
  <testcase classname="yt_TestNG._1DataProvider" name="T2" time="0.005"/>
  <system-out>
    <![CDATA[Test2]]>
  </system-out>
</testsuite> <!-- yt_TestNG._1DataProvider -->
