<?xml version="1.0" encoding="UTF-8"?>
<!-- Generated by org.testng.reporters.JUnitReportReporter -->
<testsuite hostname="NIKHIL-PANDE" failures="0" tests="1" name="testNG.Basic_1" time="0.022" errors="0" timestamp="2022-11-10T10:02:21 IST" skipped="0">
  <testcase classname="testNG.Basic_1" name="createcustomer" time="0.022"/>
  <system-out>
    <![CDATA[Goa]]>
  </system-out>
</testsuite> <!-- testNG.Basic_1 -->
