<?xml version="1.0" encoding="UTF-8"?>
<!-- Generated by org.testng.reporters.JUnitReportReporter -->
<testsuite hostname="NIKHIL-PANDE" failures="0" tests="1" name="_22_Test_NG._1Basic" time="0.004" errors="0" timestamp="2022-11-29T15:56:50 IST" skipped="0">
  <testcase classname="_22_Test_NG._1Basic" name="createcustomer" time="0.004"/>
  <system-out>
    <![CDATA[Goa]]>
  </system-out>
</testsuite> <!-- _22_Test_NG._1Basic -->
