<?xml version="1.0" encoding="UTF-8"?>
<!-- Generated by org.testng.reporters.JUnitReportReporter -->
<testsuite hostname="NIKHIL-PANDE" failures="0" tests="4" name="_22_Test_NG.Basic_2" time="0.024" errors="0" timestamp="2022-11-29T01:20:14 IST" skipped="0">
  <testcase classname="_22_Test_NG.Basic_2" name="editcustomer" time="0.002"/>
  <system-out>
    <![CDATA[Customer edited successfully]]>
  </system-out>
  <testcase classname="_22_Test_NG.Basic_2" name="modifytecustomer" time="0.004"/>
  <system-out>
    <![CDATA[Customer modified successfully]]>
  </system-out>
  <testcase classname="_22_Test_NG.Basic_2" name="deletecustomer" time="0.003"/>
  <system-out>
    <![CDATA[Customer deleted successfully]]>
  </system-out>
  <testcase classname="_22_Test_NG.Basic_2" name="createcustomer" time="0.015"/>
  <system-out>
    <![CDATA[Customer created successfully]]>
  </system-out>
</testsuite> <!-- _22_Test_NG.Basic_2 -->
