<?xml version="1.0" encoding="UTF-8"?>
<!-- Generated by org.testng.reporters.JUnitReportReporter -->
<testsuite hostname="NIKHIL-PANDE" failures="0" tests="4" name="testNG.Basic_2" time="0.023" errors="0" timestamp="2022-11-10T10:12:26 IST" skipped="0">
  <testcase classname="testNG.Basic_2" name="editcustomer" time="0.002"/>
  <system-out>
    <![CDATA[Customer edited successfully]]>
  </system-out>
  <testcase classname="testNG.Basic_2" name="modifytecustomer" time="0.002"/>
  <system-out>
    <![CDATA[Customer modified successfully]]>
  </system-out>
  <testcase classname="testNG.Basic_2" name="deletecustomer" time="0.002"/>
  <system-out>
    <![CDATA[Customer deleted successfully]]>
  </system-out>
  <testcase classname="testNG.Basic_2" name="createcustomer" time="0.017"/>
  <system-out>
    <![CDATA[Customer created successfully]]>
  </system-out>
</testsuite> <!-- testNG.Basic_2 -->
