<?xml version="1.0" encoding="UTF-8"?>
<!-- Generated by org.testng.reporters.JUnitReportReporter -->
<testsuite hostname="NIKHIL-PANDE" failures="0" tests="8" name="repractice.TestClassDataProvider" time="0.044" errors="0" timestamp="2022-12-12T02:33:53 IST" skipped="0">
  <testcase classname="repractice.TestClassDataProvider" name="lauchUrl" time="0.014"/>
  <system-out/>
  <testcase classname="repractice.TestClassDataProvider" name="lauchUrl" time="0.004"/>
  <system-out/>
  <testcase classname="repractice.TestClassDataProvider" name="enterCredentials" time="0.005"/>
  <system-out/>
  <testcase classname="repractice.TestClassDataProvider" name="enterCredentials" time="0.005"/>
  <system-out/>
  <testcase classname="repractice.TestClassDataProvider" name="validateHomePage" time="0.006"/>
  <system-out/>
  <testcase classname="repractice.TestClassDataProvider" name="validateHomePage" time="0.003"/>
  <system-out/>
  <testcase classname="repractice.TestClassDataProvider" name="logout" time="0.004"/>
  <system-out/>
  <testcase classname="repractice.TestClassDataProvider" name="logout" time="0.003"/>
  <system-out/>
</testsuite> <!-- repractice.TestClassDataProvider -->
