<?xml version="1.0" encoding="UTF-8"?>
<!-- Generated by org.testng.reporters.JUnitReportReporter -->
<testsuite hostname="NIKHIL-PANDE" failures="0" tests="4" name="yt_TestNG.Basic" time="0.018" errors="0" timestamp="2022-12-12T23:56:28 IST" skipped="0">
  <testcase classname="yt_TestNG.Basic" name="launchUrl" time="0.005"/>
  <system-out>
    <![CDATA[url launched :]]>
  </system-out>
  <testcase classname="yt_TestNG.Basic" name="loginPage" time="0.004"/>
  <system-out>
    <![CDATA[login done :]]>
  </system-out>
  <testcase classname="yt_TestNG.Basic" name="homePage" time="0.003"/>
  <system-out>
    <![CDATA[home page launched :]]>
  </system-out>
  <testcase classname="yt_TestNG.Basic" name="logoutPage" time="0.006"/>
  <system-out>
    <![CDATA[Logout done :]]>
  </system-out>
</testsuite> <!-- yt_TestNG.Basic -->
