<?xml version="1.0" encoding="UTF-8"?>
<!-- Generated by org.testng.reporters.JUnitReportReporter -->
<testsuite hostname="NIKHIL-PANDE" failures="0" tests="2" name="com.abc.A1" time="16.931" errors="0" timestamp="2023-01-19T01:59:56 IST" skipped="0">
  <testcase classname="com.abc.A1" name="newWebdrivermanagerPOPUP" time="11.295"/>
  <system-out/>
  <testcase classname="com.abc.A1" name="newWebdrivermanagerNORMAL" time="5.636"/>
  <system-out/>
</testsuite> <!-- com.abc.A1 -->
