<?xml version="1.0" encoding="UTF-8"?>
<!-- Generated by org.testng.reporters.JUnitReportReporter -->
<testsuite hostname="NIKHIL-PANDE" failures="0" tests="1" name="_2_serializationDeserialization._4_StudentAPITestWithSerialization" time="2.816" errors="0" timestamp="2023-02-13T02:41:24 IST" skipped="0">
  <testcase classname="_2_serializationDeserialization._4_StudentAPITestWithSerialization" name="createNewSerialization" time="2.816"/>
  <system-out/>
</testsuite> <!-- _2_serializationDeserialization._4_StudentAPITestWithSerialization -->
