<?xml version="1.0" encoding="UTF-8"?>
<!-- Generated by org.testng.reporters.JUnitReportReporter -->
<testsuite hostname="NIKHIL-PANDE" failures="0" tests="1" name="_1_RestAssuredTests._1_demo_GET_request" time="3.034" errors="0" timestamp="2022-12-30T00:08:34 IST" skipped="0">
  <testcase classname="_1_RestAssuredTests._1_demo_GET_request" name="getUserDetails" time="3.034"/>
  <system-out/>
</testsuite> <!-- _1_RestAssuredTests._1_demo_GET_request -->
