<?xml version="1.0" encoding="UTF-8"?>
<!-- Generated by org.testng.reporters.JUnitReportReporter -->
<testsuite hostname="NIKHIL-PANDE" failures="0" tests="1" name="_1_RestAssuredTests.Demo1_GET_request" time="2.506" errors="0" timestamp="2023-02-13T02:24:39 IST" skipped="0">
  <testcase classname="_1_RestAssuredTests.Demo1_GET_request" name="getUserDetails" time="2.506"/>
  <system-out/>
</testsuite> <!-- _1_RestAssuredTests.Demo1_GET_request -->
