<?xml version="1.0" encoding="UTF-8"?>
<!-- Generated by org.testng.reporters.JUnitReportReporter -->
<testsuite hostname="NIKHIL-PANDE" failures="0" tests="1" name="_1_RestAssuredTests.Demo3_PUT_Request" time="2.442" errors="0" timestamp="2023-02-12T11:27:20 IST" skipped="0">
  <testcase classname="_1_RestAssuredTests.Demo3_PUT_Request" name="requestPut" time="2.442"/>
  <system-out/>
</testsuite> <!-- _1_RestAssuredTests.Demo3_PUT_Request -->
