<?xml version="1.0" encoding="UTF-8"?>
<!-- Generated by org.testng.reporters.JUnitReportReporter -->
<testsuite hostname="NIKHIL-PANDE" failures="0" tests="1" name="_1_RestAssuredTests.Demo4_DELETE_Request" time="2.454" errors="0" timestamp="2023-02-13T02:08:12 IST" skipped="0">
  <testcase classname="_1_RestAssuredTests.Demo4_DELETE_Request" name="deleteReq" time="2.454"/>
  <system-out/>
</testsuite> <!-- _1_RestAssuredTests.Demo4_DELETE_Request -->
