<?xml version="1.0" encoding="UTF-8"?>
<!-- Generated by org.testng.reporters.JUnitReportReporter -->
<testsuite hostname="NIKHIL-PANDE" failures="0" tests="2" name="_1_RestAssuredTests.Demo7_masterProgramm" time="3.720" errors="0" timestamp="2023-02-13T02:28:33 IST" skipped="0">
  <testcase classname="_1_RestAssuredTests.Demo7_masterProgramm" name="postRequest" time="2.823"/>
  <system-out/>
  <testcase classname="_1_RestAssuredTests.Demo7_masterProgramm" name="GetRequest" time="0.897"/>
  <system-out/>
</testsuite> <!-- _1_RestAssuredTests.Demo7_masterProgramm -->
