<?xml version="1.0" encoding="UTF-8"?>
<!-- Generated by org.testng.reporters.JUnitReportReporter -->
<testsuite hostname="NIKHIL-PANDE" failures="0" tests="1" name="_1_RestAssuredTests.Demo2_POST_request" time="2.435" errors="0" timestamp="2023-02-12T11:24:35 IST" skipped="0">
  <testcase classname="_1_RestAssuredTests.Demo2_POST_request" name="testPOST" time="2.435"/>
  <system-out/>
</testsuite> <!-- _1_RestAssuredTests.Demo2_POST_request -->
