<?xml version="1.0" encoding="UTF-8"?>
<!-- Generated by org.testng.reporters.JUnitReportReporter -->
<testsuite hostname="NIKHIL-PANDE" failures="0" tests="4" name="_1_RestAssuredTests.Demo5_Basic_validations_json" time="3.589" errors="0" timestamp="2023-02-13T02:10:39 IST" skipped="0">
  <testcase classname="_1_RestAssuredTests.Demo5_Basic_validations_json" name="testStatusCode" time="2.347"/>
  <system-out/>
  <testcase classname="_1_RestAssuredTests.Demo5_Basic_validations_json" name="logResponse" time="0.050"/>
  <system-out/>
  <testcase classname="_1_RestAssuredTests.Demo5_Basic_validations_json" name="testSingleContent" time="1.032"/>
  <system-out/>
  <testcase classname="_1_RestAssuredTests.Demo5_Basic_validations_json" name="testParamsAndHeaders" time="0.160"/>
  <system-out/>
</testsuite> <!-- _1_RestAssuredTests.Demo5_Basic_validations_json -->
